<?xml version="1.0" encoding="utf-8" standalone="no"?>
<!--This file represents the results of running a test suite-->
<test-results name="C:\devel\quickfix.net\UnitTests\UnitTests.csproj" total="23" errors="0" failures="0" not-run="0" ignored="0" skipped="0" invalid="0" date="2009-06-27" time="09:09:09">
  <environment nunit-version="2.5.0.9122" clr-version="2.0.50727.3053" os-version="Microsoft Windows NT 6.0.6001 Service Pack 1" platform="Win32NT" cwd="C:\devel\quickfix.net\UnitTests" machine-name="SV" user="s" user-domain="sV" />
  <culture-info current-culture="en-US" current-uiculture="en-US" />
  <test-suite name="C:\devel\quickfix.net\UnitTests\UnitTests.csproj" executed="True" success="True" time="0.565" asserts="0">
    <results>
      <test-suite name="C:\devel\quickfix.net\UnitTests\bin\Debug\UnitTests.exe" executed="True" success="True" time="0.552" asserts="0">
        <results>
          <test-suite name="UnitTests" executed="True" success="True" time="0.551" asserts="0">
            <results>
              <test-suite name="ConfigTests" executed="True" success="True" time="0.035" asserts="0">
                <results>
                  <test-case name="UnitTests.ConfigTests.Test" executed="True" success="True" time="0.015" asserts="1" />
                </results>
              </test-suite>
              <test-suite name="ConverterTests" executed="True" success="True" time="0.072" asserts="0">
                <results>
                  <test-case name="UnitTests.ConverterTests.BoolConverterTest" executed="True" success="True" time="0.022" asserts="5" />
                  <test-case name="UnitTests.ConverterTests.CharConverterTest" executed="True" success="True" time="0.005" asserts="3" />
                  <test-case name="UnitTests.ConverterTests.DecimalConverterTest" executed="True" success="True" time="0.021" asserts="4" />
                  <test-case name="UnitTests.ConverterTests.IntConverterTest" executed="True" success="True" time="0.022" asserts="5" />
                </results>
              </test-suite>
              <test-suite name="FieldMapTests" executed="True" success="True" time="0.057" asserts="0">
                <results>
                  <test-case name="UnitTests.FieldMapTests.BooleanFieldTest" executed="True" success="True" time="0.004" asserts="2" />
                  <test-case name="UnitTests.FieldMapTests.CharFieldTest" executed="True" success="True" time="0.003" asserts="2" />
                  <test-case name="UnitTests.FieldMapTests.DateTimeFieldTest" executed="True" success="True" time="0.004" asserts="2" />
                  <test-case name="UnitTests.FieldMapTests.DecimalFieldTest" executed="True" success="True" time="0.005" asserts="2" />
                  <test-case name="UnitTests.FieldMapTests.DefaultFieldTest" executed="True" success="True" time="0.002" asserts="1" />
                  <test-case name="UnitTests.FieldMapTests.FieldNotFoudnTest" executed="True" success="True" time="0.029" asserts="7" />
                  <test-case name="UnitTests.FieldMapTests.IntFieldTest" executed="True" success="True" time="0.002" asserts="2" />
                  <test-case name="UnitTests.FieldMapTests.StringFieldTest" executed="True" success="True" time="0.002" asserts="2" />
                </results>
              </test-suite>
              <test-suite name="FieldTests" executed="True" success="True" time="0.018" asserts="0">
                <results>
                  <test-case name="UnitTests.FieldTests.AccountFieldTest" executed="True" success="True" time="0.000" asserts="2" />
                  <test-case name="UnitTests.FieldTests.BooleanFieldTest" executed="True" success="True" time="0.001" asserts="4" />
                  <test-case name="UnitTests.FieldTests.CharFieldTest" executed="True" success="True" time="0.001" asserts="3" />
                  <test-case name="UnitTests.FieldTests.DateTimeFieldTest" executed="True" success="True" time="0.003" asserts="5" />
                  <test-case name="UnitTests.FieldTests.DecimalFieldTest" executed="True" success="True" time="0.001" asserts="4" />
                  <test-case name="UnitTests.FieldTests.DefaultValTest" executed="True" success="True" time="0.001" asserts="11" />
                  <test-case name="UnitTests.FieldTests.IntFieldTest" executed="True" success="True" time="0.002" asserts="6" />
                  <test-case name="UnitTests.FieldTests.StringFieldTest" executed="True" success="True" time="0.001" asserts="4" />
                  <test-case name="UnitTests.FieldTests.StringFieldTest_TotalAndLength" executed="True" success="True" time="0.003" asserts="9" />
                </results>
              </test-suite>
              <test-suite name="SocketInitiatorTests" executed="True" success="True" time="0.359" asserts="0">
                <results>
                  <test-case name="UnitTests.SocketInitiatorTests.TestConnect" executed="True" success="True" time="0.359" asserts="3" />
                </results>
              </test-suite>
            </results>
          </test-suite>
        </results>
      </test-suite>
    </results>
  </test-suite>
</test-results>